c:\users\компьютер\desktop\geotabparser\geotabparser\debug\geotabparser.pch
c:\users\компьютер\desktop\geotabparser\geotabparser\debug\vc141.pdb
c:\users\компьютер\desktop\geotabparser\geotabparser\debug\vc141.idb
c:\users\компьютер\desktop\geotabparser\geotabparser\debug\pch.obj
c:\users\компьютер\desktop\geotabparser\geotabparser\debug\geotabparser.obj
d:\мощный\geotabparser\geotabparser\debug\geotabparser.pch
d:\мощный\geotabparser\geotabparser\debug\vc141.pdb
d:\мощный\geotabparser\geotabparser\debug\vc141.idb
d:\мощный\geotabparser\geotabparser\debug\pch.obj
d:\мощный\geotabparser\geotabparser\debug\geotabparser.obj
c:\users\компьютер\desktop\geotabparser\debug\geotabparser.exe
c:\users\компьютер\desktop\geotabparser\debug\geotabparser.ilk
c:\users\компьютер\desktop\geotabparser\debug\geotabparser.pdb
d:\мощный\geotabparser\debug\geotabparser.ilk
d:\мощный\geotabparser\debug\geotabparser.exe
d:\мощный\geotabparser\debug\geotabparser.pdb
d:\мощный\geotabparser\geotabparser\debug\geotabparser.tlog\cl.command.1.tlog
d:\мощный\geotabparser\geotabparser\debug\geotabparser.tlog\cl.read.1.tlog
d:\мощный\geotabparser\geotabparser\debug\geotabparser.tlog\cl.write.1.tlog
d:\мощный\geotabparser\geotabparser\debug\geotabparser.tlog\link.7688.delete.1.tlog
d:\мощный\geotabparser\geotabparser\debug\geotabparser.tlog\link.command.1.tlog
d:\мощный\geotabparser\geotabparser\debug\geotabparser.tlog\link.delete.1.tlog
d:\мощный\geotabparser\geotabparser\debug\geotabparser.tlog\link.read.1.tlog
d:\мощный\geotabparser\geotabparser\debug\geotabparser.tlog\link.write.1.tlog
